Using pre-set license
Built from '2020.3/staging' branch; Version is '2020.3.14f1 (d0d1bb862f9d) revision 13685179'; Using compiler version '192528614'; Build Type 'Release'
OS: 'Windows 10 Home; OS build 19044.1889; Version 2009; 64bit' Language: 'en' Physical Memory: 32678 MB
BatchMode: 1, IsHumanControllingUs: 0, StartBugReporterOnCrash: 0, Is64bit: 1, IsPro: 0

 COMMAND LINE ARGUMENTS:
C:\Program Files\Unity\Hub\Editor\2020.3.14f1\Editor\Unity.exe
-adb2
-batchMode
-noUpm
-name
AssetImportWorker0
-projectPath
C:/Users/bolve/Documents/GitHub/HackingIdeas/Hacking Ideas
-logFile
Logs/AssetImportWorker0.log
-srvPort
59736
Successfully changed project path to: C:/Users/bolve/Documents/GitHub/HackingIdeas/Hacking Ideas
C:/Users/bolve/Documents/GitHub/HackingIdeas/Hacking Ideas
Using Asset Import Pipeline V2.
Refreshing native plugins compatible for Editor in 237.70 ms, found 11 plugins.
Preloading 2 native plugins for Editor in 18.12 ms.
Initialize engine version: 2020.3.14f1 (d0d1bb862f9d)
[Subsystems] Discovering subsystems at path C:/Program Files/Unity/Hub/Editor/2020.3.14f1/Editor/Data/Resources/UnitySubsystems
[Subsystems] Discovering subsystems at path C:/Users/bolve/Documents/GitHub/HackingIdeas/Hacking Ideas/Assets
GfxDevice: creating device client; threaded=0
Direct3D:
    Version:  Direct3D 11.0 [level 11.1]
    Renderer: NVIDIA GeForce GTX 1060 6GB (ID=0x1c03)
    Vendor:   
    VRAM:     6052 MB
    Driver:   30.0.15.1215
Shader 'Universal Render Pipeline/Particles/Lit': fallback shader 'Universal Render Pipeline/Particles/SimpleLit' not found
Initialize mono
Mono path[0] = 'C:/Program Files/Unity/Hub/Editor/2020.3.14f1/Editor/Data/Managed'
Mono path[1] = 'C:/Program Files/Unity/Hub/Editor/2020.3.14f1/Editor/Data/MonoBleedingEdge/lib/mono/unityjit'
Mono config path = 'C:/Program Files/Unity/Hub/Editor/2020.3.14f1/Editor/Data/MonoBleedingEdge/etc'
Using monoOptions --debugger-agent=transport=dt_socket,embedding=1,server=y,suspend=n,address=127.0.0.1:56344
Begin MonoManager ReloadAssembly
Registering precompiled unity dll's ...
Register platform support module: C:/Program Files/Unity/Hub/Editor/2020.3.14f1/Editor/Data/PlaybackEngines/WindowsStandaloneSupport/UnityEditor.WindowsStandalone.Extensions.dll
Registered in 0.001729 seconds.
Native extension for WindowsStandalone target not found
Refreshing native plugins compatible for Editor in 59.75 ms, found 11 plugins.
Preloading 2 native plugins for Editor in 0.14 ms.
Mono: successfully reloaded assembly
- Completed reload, in  1.279 seconds
Domain Reload Profiling:
	ReloadAssembly (1279ms)
		BeginReloadAssembly (48ms)
			ExecutionOrderSort (0ms)
			DisableScriptedObjects (0ms)
			BackupInstance (0ms)
			ReleaseScriptingObjects (0ms)
			CreateAndSetChildDomain (1ms)
		EndReloadAssembly (471ms)
			LoadAssemblies (46ms)
			RebuildTransferFunctionScriptingTraits (0ms)
			SetupTypeCache (227ms)
			ReleaseScriptCaches (0ms)
			RebuildScriptCaches (25ms)
			SetupLoadedEditorAssemblies (159ms)
				LogAssemblyErrors (0ms)
				InitializePlatformSupportModulesInManaged (3ms)
				SetLoadedEditorAssemblies (0ms)
				RefreshPlugins (60ms)
				BeforeProcessingInitializeOnLoad (9ms)
				ProcessInitializeOnLoadAttributes (65ms)
				ProcessInitializeOnLoadMethodAttributes (22ms)
				AfterProcessingInitializeOnLoad (0ms)
				EditorAssembliesLoaded (0ms)
			ExecutionOrderSort2 (0ms)
			AwakeInstancesAfterBackupRestoration (0ms)
Platform modules already initialized, skipping
Registering precompiled user dll's ...
Registered in 0.387796 seconds.
Begin MonoManager ReloadAssembly
Native extension for WindowsStandalone target not found
Refreshing native plugins compatible for Editor in 59.35 ms, found 11 plugins.
Preloading 2 native plugins for Editor in 0.14 ms.
[XR] OculusXRPlugin: registering subsystems
[XR] Unable to register display lifecyle provider: [1]
[XR] Oculus Input lifecycle provider registered.
[XR] Unable to register input lifecyle provider: [1]
System.Reflection.TargetInvocationException: Exception has been thrown by the target of an invocation. ---> System.NullReferenceException: Object reference not set to an instance of an object
  at Unity.XR.Oculus.OculusLoader.AssetPathToAbsolutePath (System.String assetPath) [0x00048] in C:\Users\bolve\Documents\Unity\Hacking Ideas\Library\PackageCache\com.unity.xr.oculus@1.9.1\Runtime\OculusLoader.cs:249 
  at Unity.XR.Oculus.OculusLoader.EditorLoadOVRPlugin () [0x0007b] in C:\Users\bolve\Documents\Unity\Hacking Ideas\Library\PackageCache\com.unity.xr.oculus@1.9.1\Runtime\OculusLoader.cs:234 
  at (wrapper managed-to-native) System.Reflection.MonoMethod.InternalInvoke(System.Reflection.MonoMethod,object,object[],System.Exception&)
  at System.Reflection.MonoMethod.Invoke (System.Object obj, System.Reflection.BindingFlags invokeAttr, System.Reflection.Binder binder, System.Object[] parameters, System.Globalization.CultureInfo culture) [0x00032] in <695d1cc93cca45069c528c15c9fdd749>:0 
   --- End of inner exception stack trace ---
  at System.Reflection.MonoMethod.Invoke (System.Object obj, System.Reflection.BindingFlags invokeAttr, System.Reflection.Binder binder, System.Object[] parameters, System.Globalization.CultureInfo culture) [0x00048] in <695d1cc93cca45069c528c15c9fdd749>:0 
  at System.Reflection.MethodBase.Invoke (System.Object obj, System.Object[] parameters) [0x00000] in <695d1cc93cca45069c528c15c9fdd749>:0 
  at UnityEditor.EditorAssemblies.ProcessInitializeOnLoadMethodAttributes () [0x00047] in <25e9afc147634a5ca855ab83fab425dd>:0 
UnityEngine.StackTraceUtility:ExtractStackTrace ()
UnityEngine.DebugLogHandler:LogFormat (UnityEngine.LogType,UnityEngine.Object,string,object[])
UnityEngine.Logger:Log (UnityEngine.LogType,object)
UnityEngine.Debug:LogError (object)
UnityEditor.EditorAssemblies:ProcessInitializeOnLoadMethodAttributes ()

Mono: successfully reloaded assembly
- Completed reload, in  1.818 seconds
Domain Reload Profiling:
	ReloadAssembly (1819ms)
		BeginReloadAssembly (125ms)
			ExecutionOrderSort (0ms)
			DisableScriptedObjects (4ms)
			BackupInstance (0ms)
			ReleaseScriptingObjects (0ms)
			CreateAndSetChildDomain (16ms)
		EndReloadAssembly (1640ms)
			LoadAssemblies (89ms)
			RebuildTransferFunctionScriptingTraits (0ms)
			SetupTypeCache (323ms)
			ReleaseScriptCaches (1ms)
			RebuildScriptCaches (50ms)
			SetupLoadedEditorAssemblies (1068ms)
				LogAssemblyErrors (0ms)
				InitializePlatformSupportModulesInManaged (3ms)
				SetLoadedEditorAssemblies (0ms)
				RefreshPlugins (60ms)
				BeforeProcessingInitializeOnLoad (88ms)
				ProcessInitializeOnLoadAttributes (854ms)
				ProcessInitializeOnLoadMethodAttributes (57ms)
				AfterProcessingInitializeOnLoad (6ms)
				EditorAssembliesLoaded (0ms)
			ExecutionOrderSort2 (0ms)
			AwakeInstancesAfterBackupRestoration (5ms)
Platform modules already initialized, skipping
========================================================================
Worker process is ready to serve import requests
Shader 'Universal Render Pipeline/Particles/Lit': fallback shader 'Universal Render Pipeline/Particles/SimpleLit' not found
Launched and connected shader compiler UnityShaderCompiler.exe after 0.03 seconds
Refreshing native plugins compatible for Editor in 0.85 ms, found 11 plugins.
Preloading 2 native plugins for Editor in 0.12 ms.
Unloading 3651 Unused Serialized files (Serialized files now loaded: 0)
System memory in use before: 193.3 MB.
System memory in use after: 193.5 MB.

Unloading 33 unused Assets to reduce memory usage. Loaded Objects now: 4156.
Total: 20.173600 ms (FindLiveObjects: 0.313000 ms CreateObjectMapping: 0.136000 ms MarkObjects: 19.643100 ms  DeleteObjects: 0.080600 ms)

AssetImportParameters requested are different than current active one (requested -> active):
  custom:framework-win-MediaFoundation: 216162199b28c13a410421893ffa2e32 -> 
  custom:video-decoder-ogg-theora: a1e56fd34408186e4bbccfd4996cb3dc -> 
  custom:container-muxer-webm: aa71ff27fc2769a1b78a27578f13a17b -> 
  custom:container-demuxer-webm: 4f35f7cbe854078d1ac9338744f61a02 -> 
  custom:container-demuxer-ogg: 62fdf1f143b41e24485cea50d1cbac27 -> 
  custom:video-encoder-webm-vp8: eb34c28f22e8b96e1ab97ce403110664 -> 
  custom:video-decoder-webm-vp8: 9c59270c3fd7afecdb556c50c9e8de78 -> 
  custom:audio-decoder-ogg-vorbis: bf7c407c2cedff20999df2af8eb42d56 -> 
  custom:audio-encoder-webm-vorbis: bf7c407c2cedff20999df2af8eb42d56 -> 
========================================================================
Received Import Request.
  path: Assets/Idea 4/Indicator.prefab
  artifactKey: Guid(1be8986ae0def204cbc66f88f24f5060) Importer(815301076,1909f56bfc062723c751e8b465ee728b)
Start importing Assets/Idea 4/Indicator.prefab using Guid(1be8986ae0def204cbc66f88f24f5060) Importer(815301076,1909f56bfc062723c751e8b465ee728b)  -> (artifact id: 'f820cfbe24dee28678f84b30a0d7dd55') in 0.038516 seconds 
  Import took 0.043355 seconds .

========================================================================
Received Import Request.
  Time since last request: 0.000310 seconds.
  path: Assets/Idea 4/Brain.prefab
  artifactKey: Guid(434decd494da39c4a9100f5e03f65689) Importer(815301076,1909f56bfc062723c751e8b465ee728b)
Start importing Assets/Idea 4/Brain.prefab using Guid(434decd494da39c4a9100f5e03f65689) Importer(815301076,1909f56bfc062723c751e8b465ee728b)  -> (artifact id: 'b3a96e52ab65b0fd3e77916e32ccbd36') in 0.145385 seconds 
  Import took 0.150054 seconds .

========================================================================
Received Import Request.
  Time since last request: 5.576834 seconds.
  path: Assets/Idea 4/Brain.prefab
  artifactKey: Guid(434decd494da39c4a9100f5e03f65689) Importer(815301076,1909f56bfc062723c751e8b465ee728b)
Start importing Assets/Idea 4/Brain.prefab using Guid(434decd494da39c4a9100f5e03f65689) Importer(815301076,1909f56bfc062723c751e8b465ee728b)  -> (artifact id: 'b3a96e52ab65b0fd3e77916e32ccbd36') in 0.009159 seconds 
  Import took 0.015420 seconds .

========================================================================
Received Import Request.
  Time since last request: 0.105269 seconds.
  path: Assets/Idea 4/Indicator.prefab
  artifactKey: Guid(1be8986ae0def204cbc66f88f24f5060) Importer(815301076,1909f56bfc062723c751e8b465ee728b)
Start importing Assets/Idea 4/Indicator.prefab using Guid(1be8986ae0def204cbc66f88f24f5060) Importer(815301076,1909f56bfc062723c751e8b465ee728b)  -> (artifact id: '0cec5229910810feb8edba2456b55c3a') in 0.012198 seconds 
  Import took 0.017280 seconds .

========================================================================
Received Import Request.
  Time since last request: 7.028656 seconds.
  path: Assets/Idea 4/Indicator.prefab
  artifactKey: Guid(1be8986ae0def204cbc66f88f24f5060) Importer(815301076,1909f56bfc062723c751e8b465ee728b)
Start importing Assets/Idea 4/Indicator.prefab using Guid(1be8986ae0def204cbc66f88f24f5060) Importer(815301076,1909f56bfc062723c751e8b465ee728b)  -> (artifact id: 'df6ecba8125603dd4dbd9ad1bd7356f3') in 0.010942 seconds 
  Import took 0.016025 seconds .

========================================================================
Received Import Request.
  Time since last request: 1.604532 seconds.
  path: Assets/Idea 4/Indicator.prefab
  artifactKey: Guid(1be8986ae0def204cbc66f88f24f5060) Importer(815301076,1909f56bfc062723c751e8b465ee728b)
Start importing Assets/Idea 4/Indicator.prefab using Guid(1be8986ae0def204cbc66f88f24f5060) Importer(815301076,1909f56bfc062723c751e8b465ee728b)  -> (artifact id: 'e05043ee53d0b9eb3a1e777564882016') in 0.007556 seconds 
  Import took 0.012696 seconds .

========================================================================
Received Import Request.
  Time since last request: 3.611297 seconds.
  path: Assets/Idea 4/Indicator.prefab
  artifactKey: Guid(1be8986ae0def204cbc66f88f24f5060) Importer(815301076,1909f56bfc062723c751e8b465ee728b)
Start importing Assets/Idea 4/Indicator.prefab using Guid(1be8986ae0def204cbc66f88f24f5060) Importer(815301076,1909f56bfc062723c751e8b465ee728b)  -> (artifact id: '4dbb58ffd5fcf391f33fab0b5deb951c') in 0.008101 seconds 
  Import took 0.013702 seconds .

========================================================================
Received Import Request.
  Time since last request: 5.206661 seconds.
  path: Assets/Idea 4/Indicator.prefab
  artifactKey: Guid(1be8986ae0def204cbc66f88f24f5060) Importer(815301076,1909f56bfc062723c751e8b465ee728b)
Start importing Assets/Idea 4/Indicator.prefab using Guid(1be8986ae0def204cbc66f88f24f5060) Importer(815301076,1909f56bfc062723c751e8b465ee728b)  -> (artifact id: '8af32ad9def1cfd3e4c6ec6fd56cb0de') in 0.012783 seconds 
  Import took 0.018080 seconds .

========================================================================
Received Import Request.
  Time since last request: 2.412386 seconds.
  path: Assets/Idea 4/Indicator.prefab
  artifactKey: Guid(1be8986ae0def204cbc66f88f24f5060) Importer(815301076,1909f56bfc062723c751e8b465ee728b)
Start importing Assets/Idea 4/Indicator.prefab using Guid(1be8986ae0def204cbc66f88f24f5060) Importer(815301076,1909f56bfc062723c751e8b465ee728b)  -> (artifact id: '10dc653531a7bc46f3046e184cf0c578') in 0.012187 seconds 
  Import took 0.018001 seconds .

========================================================================
Received Import Request.
  Time since last request: 1.793438 seconds.
  path: Assets/Idea 4/Indicator.prefab
  artifactKey: Guid(1be8986ae0def204cbc66f88f24f5060) Importer(815301076,1909f56bfc062723c751e8b465ee728b)
Start importing Assets/Idea 4/Indicator.prefab using Guid(1be8986ae0def204cbc66f88f24f5060) Importer(815301076,1909f56bfc062723c751e8b465ee728b)  -> (artifact id: 'cec67c516e86a3fff62c567f1acfff0d') in 0.007681 seconds 
  Import took 0.013075 seconds .

========================================================================
Received Import Request.
  Time since last request: 4.218361 seconds.
  path: Assets/Idea 4/Indicator.prefab
  artifactKey: Guid(1be8986ae0def204cbc66f88f24f5060) Importer(815301076,1909f56bfc062723c751e8b465ee728b)
Start importing Assets/Idea 4/Indicator.prefab using Guid(1be8986ae0def204cbc66f88f24f5060) Importer(815301076,1909f56bfc062723c751e8b465ee728b)  -> (artifact id: '34b03054e31a98e94bf9ebe4c38dc821') in 0.011035 seconds 
  Import took 0.016064 seconds .

========================================================================
Received Import Request.
  Time since last request: 5.023029 seconds.
  path: Assets/Idea 4/Indicator.prefab
  artifactKey: Guid(1be8986ae0def204cbc66f88f24f5060) Importer(815301076,1909f56bfc062723c751e8b465ee728b)
Start importing Assets/Idea 4/Indicator.prefab using Guid(1be8986ae0def204cbc66f88f24f5060) Importer(815301076,1909f56bfc062723c751e8b465ee728b)  -> (artifact id: 'fc6f57d2dacf7fa62f6f9b6b3c4594ed') in 0.007399 seconds 
  Import took 0.013511 seconds .

========================================================================
Received Import Request.
  Time since last request: 5.840455 seconds.
  path: Assets/Idea 4/Indicator.prefab
  artifactKey: Guid(1be8986ae0def204cbc66f88f24f5060) Importer(815301076,1909f56bfc062723c751e8b465ee728b)
Start importing Assets/Idea 4/Indicator.prefab using Guid(1be8986ae0def204cbc66f88f24f5060) Importer(815301076,1909f56bfc062723c751e8b465ee728b)  -> (artifact id: '8cf491f8e41dbb9b18aa2aa4b9ab4455') in 0.012144 seconds 
  Import took 0.017200 seconds .

========================================================================
Received Import Request.
  Time since last request: 13.734104 seconds.
  path: Assets/Idea 4/Indicator.prefab
  artifactKey: Guid(1be8986ae0def204cbc66f88f24f5060) Importer(815301076,1909f56bfc062723c751e8b465ee728b)
Start importing Assets/Idea 4/Indicator.prefab using Guid(1be8986ae0def204cbc66f88f24f5060) Importer(815301076,1909f56bfc062723c751e8b465ee728b)  -> (artifact id: '4fc80861e144978cc3f464d5e490ee85') in 0.009104 seconds 
  Import took 0.014334 seconds .

========================================================================
Received Import Request.
  Time since last request: 3.623401 seconds.
  path: Assets/Idea 4/Indicator.prefab
  artifactKey: Guid(1be8986ae0def204cbc66f88f24f5060) Importer(815301076,1909f56bfc062723c751e8b465ee728b)
Start importing Assets/Idea 4/Indicator.prefab using Guid(1be8986ae0def204cbc66f88f24f5060) Importer(815301076,1909f56bfc062723c751e8b465ee728b)  -> (artifact id: 'd18b2cf9aec4af6006a1a75722dac033') in 0.010976 seconds 
  Import took 0.016043 seconds .

========================================================================
Received Import Request.
  Time since last request: 7.033086 seconds.
  path: Assets/Idea 4/Indicator.prefab
  artifactKey: Guid(1be8986ae0def204cbc66f88f24f5060) Importer(815301076,1909f56bfc062723c751e8b465ee728b)
Start importing Assets/Idea 4/Indicator.prefab using Guid(1be8986ae0def204cbc66f88f24f5060) Importer(815301076,1909f56bfc062723c751e8b465ee728b)  -> (artifact id: '8379b3c220114560752ec8263d8489bf') in 0.011403 seconds 
  Import took 0.017041 seconds .

========================================================================
Received Import Request.
  Time since last request: 1.391109 seconds.
  path: Assets/Idea 4/Indicator.prefab
  artifactKey: Guid(1be8986ae0def204cbc66f88f24f5060) Importer(815301076,1909f56bfc062723c751e8b465ee728b)
Start importing Assets/Idea 4/Indicator.prefab using Guid(1be8986ae0def204cbc66f88f24f5060) Importer(815301076,1909f56bfc062723c751e8b465ee728b)  -> (artifact id: '4d62bcb36bf6792814b11caec5b097cb') in 0.010987 seconds 
  Import took 0.016450 seconds .

========================================================================
Received Import Request.
  Time since last request: 64.550683 seconds.
  path: Assets/Idea 4/Indicator.mat
  artifactKey: Guid(95634e3bc001054458c1aa75ec5eb7e2) Importer(815301076,1909f56bfc062723c751e8b465ee728b)
Start importing Assets/Idea 4/Indicator.mat using Guid(95634e3bc001054458c1aa75ec5eb7e2) Importer(815301076,1909f56bfc062723c751e8b465ee728b)  -> (artifact id: 'd93f9b4e505c4a099e700028d5b58de6') in 0.023779 seconds 
  Import took 0.029371 seconds .

========================================================================
Received Import Request.
  Time since last request: 6.258953 seconds.
  path: Assets/Idea 4/Indicator.prefab
  artifactKey: Guid(1be8986ae0def204cbc66f88f24f5060) Importer(815301076,1909f56bfc062723c751e8b465ee728b)
Start importing Assets/Idea 4/Indicator.prefab using Guid(1be8986ae0def204cbc66f88f24f5060) Importer(815301076,1909f56bfc062723c751e8b465ee728b)  -> (artifact id: '1d7f24072b8d564b3598c7bb44d651ab') in 0.010785 seconds 
  Import took 0.015963 seconds .

========================================================================
Received Import Request.
  Time since last request: 8.896536 seconds.
  path: Assets/Idea 4/Indicator.prefab
  artifactKey: Guid(1be8986ae0def204cbc66f88f24f5060) Importer(815301076,1909f56bfc062723c751e8b465ee728b)
Start importing Assets/Idea 4/Indicator.prefab using Guid(1be8986ae0def204cbc66f88f24f5060) Importer(815301076,1909f56bfc062723c751e8b465ee728b)  -> (artifact id: 'b1f95f371eade055c0489a45fb064763') in 0.012665 seconds 
  Import took 0.018232 seconds .

========================================================================
Received Import Request.
  Time since last request: 0.178393 seconds.
  path: Assets/Idea 4/Indicator.prefab
  artifactKey: Guid(1be8986ae0def204cbc66f88f24f5060) Importer(815301076,1909f56bfc062723c751e8b465ee728b)
Start importing Assets/Idea 4/Indicator.prefab using Guid(1be8986ae0def204cbc66f88f24f5060) Importer(815301076,1909f56bfc062723c751e8b465ee728b)  -> (artifact id: '4fbb1e1f22fe17e23f1be4df0167dff4') in 0.008496 seconds 
  Import took 0.013684 seconds .

========================================================================
Received Import Request.
  Time since last request: 18.581708 seconds.
  path: Assets/Idea 4/Indicator.prefab
  artifactKey: Guid(1be8986ae0def204cbc66f88f24f5060) Importer(815301076,1909f56bfc062723c751e8b465ee728b)
Start importing Assets/Idea 4/Indicator.prefab using Guid(1be8986ae0def204cbc66f88f24f5060) Importer(815301076,1909f56bfc062723c751e8b465ee728b)  -> (artifact id: '0336e79ff0f3b4dfe78d1a38cbe921d3') in 0.015604 seconds 
  Import took 0.023303 seconds .

========================================================================
Received Import Request.
  Time since last request: 2.613224 seconds.
  path: Assets/Idea 4/Indicator.prefab
  artifactKey: Guid(1be8986ae0def204cbc66f88f24f5060) Importer(815301076,1909f56bfc062723c751e8b465ee728b)
Start importing Assets/Idea 4/Indicator.prefab using Guid(1be8986ae0def204cbc66f88f24f5060) Importer(815301076,1909f56bfc062723c751e8b465ee728b)  -> (artifact id: '8507d1d06207940b2478f631fe90b36d') in 0.012155 seconds 
  Import took 0.017589 seconds .

========================================================================
Received Import Request.
  Time since last request: 1.060035 seconds.
  path: Assets/Idea 4/Indicator.prefab
  artifactKey: Guid(1be8986ae0def204cbc66f88f24f5060) Importer(815301076,1909f56bfc062723c751e8b465ee728b)
Start importing Assets/Idea 4/Indicator.prefab using Guid(1be8986ae0def204cbc66f88f24f5060) Importer(815301076,1909f56bfc062723c751e8b465ee728b)  -> (artifact id: 'ebd46412500ce0d0d5513c47aa46e9dc') in 0.011329 seconds 
  Import took 0.016796 seconds .

========================================================================
Received Import Request.
  Time since last request: 1.212217 seconds.
  path: Assets/Idea 4/Indicator.prefab
  artifactKey: Guid(1be8986ae0def204cbc66f88f24f5060) Importer(815301076,1909f56bfc062723c751e8b465ee728b)
Start importing Assets/Idea 4/Indicator.prefab using Guid(1be8986ae0def204cbc66f88f24f5060) Importer(815301076,1909f56bfc062723c751e8b465ee728b)  -> (artifact id: 'd7f8cc63841f265f6bc9aa4f347bab24') in 0.011876 seconds 
  Import took 0.017130 seconds .

========================================================================
Received Import Request.
  Time since last request: 1.693398 seconds.
  path: Assets/Idea 4/Indicator.prefab
  artifactKey: Guid(1be8986ae0def204cbc66f88f24f5060) Importer(815301076,1909f56bfc062723c751e8b465ee728b)
Start importing Assets/Idea 4/Indicator.prefab using Guid(1be8986ae0def204cbc66f88f24f5060) Importer(815301076,1909f56bfc062723c751e8b465ee728b)  -> (artifact id: '4eea665d94246c4d0c531e4c6a229bd5') in 0.011765 seconds 
  Import took 0.017841 seconds .

========================================================================
Received Import Request.
  Time since last request: 2.890924 seconds.
  path: Assets/Idea 4/Indicator.prefab
  artifactKey: Guid(1be8986ae0def204cbc66f88f24f5060) Importer(815301076,1909f56bfc062723c751e8b465ee728b)
Start importing Assets/Idea 4/Indicator.prefab using Guid(1be8986ae0def204cbc66f88f24f5060) Importer(815301076,1909f56bfc062723c751e8b465ee728b)  -> (artifact id: '96e909467663f14202c46a7d3fef61fb') in 0.011637 seconds 
  Import took 0.016865 seconds .

========================================================================
Received Import Request.
  Time since last request: 1.258823 seconds.
  path: Assets/Idea 4/Indicator.prefab
  artifactKey: Guid(1be8986ae0def204cbc66f88f24f5060) Importer(815301076,1909f56bfc062723c751e8b465ee728b)
Start importing Assets/Idea 4/Indicator.prefab using Guid(1be8986ae0def204cbc66f88f24f5060) Importer(815301076,1909f56bfc062723c751e8b465ee728b)  -> (artifact id: '1c00040cf3860d73088e3b56559b4907') in 0.011477 seconds 
  Import took 0.016741 seconds .

========================================================================
Received Import Request.
  Time since last request: 1.394096 seconds.
  path: Assets/Idea 4/Indicator.prefab
  artifactKey: Guid(1be8986ae0def204cbc66f88f24f5060) Importer(815301076,1909f56bfc062723c751e8b465ee728b)
Start importing Assets/Idea 4/Indicator.prefab using Guid(1be8986ae0def204cbc66f88f24f5060) Importer(815301076,1909f56bfc062723c751e8b465ee728b)  -> (artifact id: 'c9a1da73f3b85e2618de43ac3249b135') in 0.011447 seconds 
  Import took 0.016934 seconds .

========================================================================
Received Import Request.
  Time since last request: 1.502814 seconds.
  path: Assets/Idea 4/Indicator.prefab
  artifactKey: Guid(1be8986ae0def204cbc66f88f24f5060) Importer(815301076,1909f56bfc062723c751e8b465ee728b)
Start importing Assets/Idea 4/Indicator.prefab using Guid(1be8986ae0def204cbc66f88f24f5060) Importer(815301076,1909f56bfc062723c751e8b465ee728b)  -> (artifact id: '3de4ade96bbff2fae9376bdf53380f12') in 0.011103 seconds 
  Import took 0.016438 seconds .

========================================================================
Received Import Request.
  Time since last request: 37.262634 seconds.
  path: Assets/Idea 4/Indicator.mat
  artifactKey: Guid(95634e3bc001054458c1aa75ec5eb7e2) Importer(815301076,1909f56bfc062723c751e8b465ee728b)
Start importing Assets/Idea 4/Indicator.mat using Guid(95634e3bc001054458c1aa75ec5eb7e2) Importer(815301076,1909f56bfc062723c751e8b465ee728b)  -> (artifact id: '5fa2002be6a091e308a40d068a5a0445') in 0.012011 seconds 
  Import took 0.017674 seconds .

========================================================================
Received Prepare
Registering precompiled user dll's ...
Registered in 0.012886 seconds.
Begin MonoManager ReloadAssembly
Native extension for WindowsStandalone target not found
Refreshing native plugins compatible for Editor in 0.86 ms, found 11 plugins.
Preloading 2 native plugins for Editor in 0.15 ms.
System.Reflection.TargetInvocationException: Exception has been thrown by the target of an invocation. ---> System.NullReferenceException: Object reference not set to an instance of an object
  at Unity.XR.Oculus.OculusLoader.AssetPathToAbsolutePath (System.String assetPath) [0x00048] in C:\Users\bolve\Documents\Unity\Hacking Ideas\Library\PackageCache\com.unity.xr.oculus@1.9.1\Runtime\OculusLoader.cs:249 
  at Unity.XR.Oculus.OculusLoader.EditorLoadOVRPlugin () [0x0007b] in C:\Users\bolve\Documents\Unity\Hacking Ideas\Library\PackageCache\com.unity.xr.oculus@1.9.1\Runtime\OculusLoader.cs:234 
  at (wrapper managed-to-native) System.Reflection.MonoMethod.InternalInvoke(System.Reflection.MonoMethod,object,object[],System.Exception&)
  at System.Reflection.MonoMethod.Invoke (System.Object obj, System.Reflection.BindingFlags invokeAttr, System.Reflection.Binder binder, System.Object[] parameters, System.Globalization.CultureInfo culture) [0x00032] in <695d1cc93cca45069c528c15c9fdd749>:0 
   --- End of inner exception stack trace ---
  at System.Reflection.MonoMethod.Invoke (System.Object obj, System.Reflection.BindingFlags invokeAttr, System.Reflection.Binder binder, System.Object[] parameters, System.Globalization.CultureInfo culture) [0x00048] in <695d1cc93cca45069c528c15c9fdd749>:0 
  at System.Reflection.MethodBase.Invoke (System.Object obj, System.Object[] parameters) [0x00000] in <695d1cc93cca45069c528c15c9fdd749>:0 
  at UnityEditor.EditorAssemblies.ProcessInitializeOnLoadMethodAttributes () [0x00047] in <25e9afc147634a5ca855ab83fab425dd>:0 
UnityEngine.StackTraceUtility:ExtractStackTrace ()
UnityEngine.DebugLogHandler:LogFormat (UnityEngine.LogType,UnityEngine.Object,string,object[])
UnityEngine.Logger:Log (UnityEngine.LogType,object)
UnityEngine.Debug:LogError (object)
UnityEditor.EditorAssemblies:ProcessInitializeOnLoadMethodAttributes ()

Mono: successfully reloaded assembly
- Completed reload, in  1.678 seconds
Domain Reload Profiling:
	ReloadAssembly (1678ms)
		BeginReloadAssembly (138ms)
			ExecutionOrderSort (0ms)
			DisableScriptedObjects (6ms)
			BackupInstance (0ms)
			ReleaseScriptingObjects (0ms)
			CreateAndSetChildDomain (53ms)
		EndReloadAssembly (1478ms)
			LoadAssemblies (94ms)
			RebuildTransferFunctionScriptingTraits (0ms)
			SetupTypeCache (350ms)
			ReleaseScriptCaches (1ms)
			RebuildScriptCaches (36ms)
			SetupLoadedEditorAssemblies (871ms)
				LogAssemblyErrors (0ms)
				InitializePlatformSupportModulesInManaged (4ms)
				SetLoadedEditorAssemblies (0ms)
				RefreshPlugins (1ms)
				BeforeProcessingInitializeOnLoad (102ms)
				ProcessInitializeOnLoadAttributes (693ms)
				ProcessInitializeOnLoadMethodAttributes (65ms)
				AfterProcessingInitializeOnLoad (6ms)
				EditorAssembliesLoaded (0ms)
			ExecutionOrderSort2 (0ms)
			AwakeInstancesAfterBackupRestoration (11ms)
Platform modules already initialized, skipping
Shader 'Universal Render Pipeline/Particles/Lit': fallback shader 'Universal Render Pipeline/Particles/SimpleLit' not found
Refreshing native plugins compatible for Editor in 0.83 ms, found 11 plugins.
Preloading 2 native plugins for Editor in 0.13 ms.
Unloading 3470 Unused Serialized files (Serialized files now loaded: 0)
System memory in use before: 192.8 MB.
System memory in use after: 193.0 MB.

Unloading 26 unused Assets to reduce memory usage. Loaded Objects now: 4240.
Total: 20.411700 ms (FindLiveObjects: 0.293000 ms CreateObjectMapping: 0.150400 ms MarkObjects: 19.940800 ms  DeleteObjects: 0.026300 ms)

AssetImportParameters requested are different than current active one (requested -> active):
  custom:framework-win-MediaFoundation: 216162199b28c13a410421893ffa2e32 -> 
  custom:video-decoder-ogg-theora: a1e56fd34408186e4bbccfd4996cb3dc -> 
  custom:container-muxer-webm: aa71ff27fc2769a1b78a27578f13a17b -> 
  custom:container-demuxer-webm: 4f35f7cbe854078d1ac9338744f61a02 -> 
  custom:container-demuxer-ogg: 62fdf1f143b41e24485cea50d1cbac27 -> 
  custom:video-encoder-webm-vp8: eb34c28f22e8b96e1ab97ce403110664 -> 
  custom:video-decoder-webm-vp8: 9c59270c3fd7afecdb556c50c9e8de78 -> 
  custom:audio-decoder-ogg-vorbis: bf7c407c2cedff20999df2af8eb42d56 -> 
  custom:audio-encoder-webm-vorbis: bf7c407c2cedff20999df2af8eb42d56 -> 
========================================================================
Received Import Request.
  Time since last request: 28.095177 seconds.
  path: Assets/Idea 4/Brain.prefab
  artifactKey: Guid(434decd494da39c4a9100f5e03f65689) Importer(815301076,1909f56bfc062723c751e8b465ee728b)
Start importing Assets/Idea 4/Brain.prefab using Guid(434decd494da39c4a9100f5e03f65689) Importer(815301076,1909f56bfc062723c751e8b465ee728b)  -> (artifact id: '49a58a9dc8a895455f1940c5c38e1391') in 0.137624 seconds 
  Import took 0.143396 seconds .

========================================================================
Received Prepare
Registering precompiled user dll's ...
Registered in 0.011797 seconds.
Begin MonoManager ReloadAssembly
Native extension for WindowsStandalone target not found
Refreshing native plugins compatible for Editor in 0.85 ms, found 11 plugins.
Preloading 2 native plugins for Editor in 0.14 ms.
System.Reflection.TargetInvocationException: Exception has been thrown by the target of an invocation. ---> System.NullReferenceException: Object reference not set to an instance of an object
  at Unity.XR.Oculus.OculusLoader.AssetPathToAbsolutePath (System.String assetPath) [0x00048] in C:\Users\bolve\Documents\Unity\Hacking Ideas\Library\PackageCache\com.unity.xr.oculus@1.9.1\Runtime\OculusLoader.cs:249 
  at Unity.XR.Oculus.OculusLoader.EditorLoadOVRPlugin () [0x0007b] in C:\Users\bolve\Documents\Unity\Hacking Ideas\Library\PackageCache\com.unity.xr.oculus@1.9.1\Runtime\OculusLoader.cs:234 
  at (wrapper managed-to-native) System.Reflection.MonoMethod.InternalInvoke(System.Reflection.MonoMethod,object,object[],System.Exception&)
  at System.Reflection.MonoMethod.Invoke (System.Object obj, System.Reflection.BindingFlags invokeAttr, System.Reflection.Binder binder, System.Object[] parameters, System.Globalization.CultureInfo culture) [0x00032] in <695d1cc93cca45069c528c15c9fdd749>:0 
   --- End of inner exception stack trace ---
  at System.Reflection.MonoMethod.Invoke (System.Object obj, System.Reflection.BindingFlags invokeAttr, System.Reflection.Binder binder, System.Object[] parameters, System.Globalization.CultureInfo culture) [0x00048] in <695d1cc93cca45069c528c15c9fdd749>:0 
  at System.Reflection.MethodBase.Invoke (System.Object obj, System.Object[] parameters) [0x00000] in <695d1cc93cca45069c528c15c9fdd749>:0 
  at UnityEditor.EditorAssemblies.ProcessInitializeOnLoadMethodAttributes () [0x00047] in <25e9afc147634a5ca855ab83fab425dd>:0 
UnityEngine.StackTraceUtility:ExtractStackTrace ()
UnityEngine.DebugLogHandler:LogFormat (UnityEngine.LogType,UnityEngine.Object,string,object[])
UnityEngine.Logger:Log (UnityEngine.LogType,object)
UnityEngine.Debug:LogError (object)
UnityEditor.EditorAssemblies:ProcessInitializeOnLoadMethodAttributes ()

Mono: successfully reloaded assembly
- Completed reload, in  1.647 seconds
Domain Reload Profiling:
	ReloadAssembly (1648ms)
		BeginReloadAssembly (118ms)
			ExecutionOrderSort (0ms)
			DisableScriptedObjects (6ms)
			BackupInstance (0ms)
			ReleaseScriptingObjects (0ms)
			CreateAndSetChildDomain (49ms)
		EndReloadAssembly (1476ms)
			LoadAssemblies (91ms)
			RebuildTransferFunctionScriptingTraits (0ms)
			SetupTypeCache (324ms)
			ReleaseScriptCaches (2ms)
			RebuildScriptCaches (41ms)
			SetupLoadedEditorAssemblies (862ms)
				LogAssemblyErrors (0ms)
				InitializePlatformSupportModulesInManaged (4ms)
				SetLoadedEditorAssemblies (0ms)
				RefreshPlugins (1ms)
				BeforeProcessingInitializeOnLoad (101ms)
				ProcessInitializeOnLoadAttributes (698ms)
				ProcessInitializeOnLoadMethodAttributes (52ms)
				AfterProcessingInitializeOnLoad (6ms)
				EditorAssembliesLoaded (0ms)
			ExecutionOrderSort2 (0ms)
			AwakeInstancesAfterBackupRestoration (11ms)
Platform modules already initialized, skipping
Shader 'Universal Render Pipeline/Particles/Lit': fallback shader 'Universal Render Pipeline/Particles/SimpleLit' not found
Refreshing native plugins compatible for Editor in 0.86 ms, found 11 plugins.
Preloading 2 native plugins for Editor in 0.12 ms.
Unloading 3470 Unused Serialized files (Serialized files now loaded: 0)
System memory in use before: 212.5 MB.
System memory in use after: 212.7 MB.

Unloading 26 unused Assets to reduce memory usage. Loaded Objects now: 4280.
Total: 24.045600 ms (FindLiveObjects: 0.393300 ms CreateObjectMapping: 0.120200 ms MarkObjects: 23.503000 ms  DeleteObjects: 0.027600 ms)

AssetImportParameters requested are different than current active one (requested -> active):
  custom:framework-win-MediaFoundation: 216162199b28c13a410421893ffa2e32 -> 
  custom:video-decoder-ogg-theora: a1e56fd34408186e4bbccfd4996cb3dc -> 
  custom:container-muxer-webm: aa71ff27fc2769a1b78a27578f13a17b -> 
  custom:container-demuxer-webm: 4f35f7cbe854078d1ac9338744f61a02 -> 
  custom:container-demuxer-ogg: 62fdf1f143b41e24485cea50d1cbac27 -> 
  custom:video-encoder-webm-vp8: eb34c28f22e8b96e1ab97ce403110664 -> 
  custom:video-decoder-webm-vp8: 9c59270c3fd7afecdb556c50c9e8de78 -> 
  custom:audio-decoder-ogg-vorbis: bf7c407c2cedff20999df2af8eb42d56 -> 
  custom:audio-encoder-webm-vorbis: bf7c407c2cedff20999df2af8eb42d56 -> 
========================================================================
Received Prepare
Registering precompiled user dll's ...
Registered in 0.011793 seconds.
Begin MonoManager ReloadAssembly
Native extension for WindowsStandalone target not found
Refreshing native plugins compatible for Editor in 1.00 ms, found 11 plugins.
Preloading 2 native plugins for Editor in 0.17 ms.
System.Reflection.TargetInvocationException: Exception has been thrown by the target of an invocation. ---> System.NullReferenceException: Object reference not set to an instance of an object
  at Unity.XR.Oculus.OculusLoader.AssetPathToAbsolutePath (System.String assetPath) [0x00048] in C:\Users\bolve\Documents\Unity\Hacking Ideas\Library\PackageCache\com.unity.xr.oculus@1.9.1\Runtime\OculusLoader.cs:249 
  at Unity.XR.Oculus.OculusLoader.EditorLoadOVRPlugin () [0x0007b] in C:\Users\bolve\Documents\Unity\Hacking Ideas\Library\PackageCache\com.unity.xr.oculus@1.9.1\Runtime\OculusLoader.cs:234 
  at (wrapper managed-to-native) System.Reflection.MonoMethod.InternalInvoke(System.Reflection.MonoMethod,object,object[],System.Exception&)
  at System.Reflection.MonoMethod.Invoke (System.Object obj, System.Reflection.BindingFlags invokeAttr, System.Reflection.Binder binder, System.Object[] parameters, System.Globalization.CultureInfo culture) [0x00032] in <695d1cc93cca45069c528c15c9fdd749>:0 
   --- End of inner exception stack trace ---
  at System.Reflection.MonoMethod.Invoke (System.Object obj, System.Reflection.BindingFlags invokeAttr, System.Reflection.Binder binder, System.Object[] parameters, System.Globalization.CultureInfo culture) [0x00048] in <695d1cc93cca45069c528c15c9fdd749>:0 
  at System.Reflection.MethodBase.Invoke (System.Object obj, System.Object[] parameters) [0x00000] in <695d1cc93cca45069c528c15c9fdd749>:0 
  at UnityEditor.EditorAssemblies.ProcessInitializeOnLoadMethodAttributes () [0x00047] in <25e9afc147634a5ca855ab83fab425dd>:0 
UnityEngine.StackTraceUtility:ExtractStackTrace ()
UnityEngine.DebugLogHandler:LogFormat (UnityEngine.LogType,UnityEngine.Object,string,object[])
UnityEngine.Logger:Log (UnityEngine.LogType,object)
UnityEngine.Debug:LogError (object)
UnityEditor.EditorAssemblies:ProcessInitializeOnLoadMethodAttributes ()

Mono: successfully reloaded assembly
- Completed reload, in  1.697 seconds
Domain Reload Profiling:
	ReloadAssembly (1698ms)
		BeginReloadAssembly (113ms)
			ExecutionOrderSort (0ms)
			DisableScriptedObjects (4ms)
			BackupInstance (0ms)
			ReleaseScriptingObjects (0ms)
			CreateAndSetChildDomain (46ms)
		EndReloadAssembly (1530ms)
			LoadAssemblies (89ms)
			RebuildTransferFunctionScriptingTraits (0ms)
			SetupTypeCache (336ms)
			ReleaseScriptCaches (1ms)
			RebuildScriptCaches (39ms)
			SetupLoadedEditorAssemblies (912ms)
				LogAssemblyErrors (0ms)
				InitializePlatformSupportModulesInManaged (4ms)
				SetLoadedEditorAssemblies (0ms)
				RefreshPlugins (1ms)
				BeforeProcessingInitializeOnLoad (96ms)
				ProcessInitializeOnLoadAttributes (750ms)
				ProcessInitializeOnLoadMethodAttributes (54ms)
				AfterProcessingInitializeOnLoad (6ms)
				EditorAssembliesLoaded (0ms)
			ExecutionOrderSort2 (0ms)
			AwakeInstancesAfterBackupRestoration (12ms)
Platform modules already initialized, skipping
Shader 'Universal Render Pipeline/Particles/Lit': fallback shader 'Universal Render Pipeline/Particles/SimpleLit' not found
Refreshing native plugins compatible for Editor in 0.84 ms, found 11 plugins.
Preloading 2 native plugins for Editor in 0.12 ms.
Unloading 3470 Unused Serialized files (Serialized files now loaded: 0)
System memory in use before: 241.8 MB.
System memory in use after: 242.1 MB.

Unloading 26 unused Assets to reduce memory usage. Loaded Objects now: 4284.
Total: 23.549400 ms (FindLiveObjects: 0.360800 ms CreateObjectMapping: 0.179800 ms MarkObjects: 22.978800 ms  DeleteObjects: 0.029000 ms)

AssetImportParameters requested are different than current active one (requested -> active):
  custom:framework-win-MediaFoundation: 216162199b28c13a410421893ffa2e32 -> 
  custom:video-decoder-ogg-theora: a1e56fd34408186e4bbccfd4996cb3dc -> 
  custom:container-muxer-webm: aa71ff27fc2769a1b78a27578f13a17b -> 
  custom:container-demuxer-webm: 4f35f7cbe854078d1ac9338744f61a02 -> 
  custom:container-demuxer-ogg: 62fdf1f143b41e24485cea50d1cbac27 -> 
  custom:video-encoder-webm-vp8: eb34c28f22e8b96e1ab97ce403110664 -> 
  custom:video-decoder-webm-vp8: 9c59270c3fd7afecdb556c50c9e8de78 -> 
  custom:audio-decoder-ogg-vorbis: bf7c407c2cedff20999df2af8eb42d56 -> 
  custom:audio-encoder-webm-vorbis: bf7c407c2cedff20999df2af8eb42d56 -> 
========================================================================
Received Prepare
Registering precompiled user dll's ...
Registered in 0.012068 seconds.
Begin MonoManager ReloadAssembly
Native extension for WindowsStandalone target not found
Refreshing native plugins compatible for Editor in 0.88 ms, found 11 plugins.
Preloading 2 native plugins for Editor in 0.14 ms.
System.Reflection.TargetInvocationException: Exception has been thrown by the target of an invocation. ---> System.NullReferenceException: Object reference not set to an instance of an object
  at Unity.XR.Oculus.OculusLoader.AssetPathToAbsolutePath (System.String assetPath) [0x00048] in C:\Users\bolve\Documents\Unity\Hacking Ideas\Library\PackageCache\com.unity.xr.oculus@1.9.1\Runtime\OculusLoader.cs:249 
  at Unity.XR.Oculus.OculusLoader.EditorLoadOVRPlugin () [0x0007b] in C:\Users\bolve\Documents\Unity\Hacking Ideas\Library\PackageCache\com.unity.xr.oculus@1.9.1\Runtime\OculusLoader.cs:234 
  at (wrapper managed-to-native) System.Reflection.MonoMethod.InternalInvoke(System.Reflection.MonoMethod,object,object[],System.Exception&)
  at System.Reflection.MonoMethod.Invoke (System.Object obj, System.Reflection.BindingFlags invokeAttr, System.Reflection.Binder binder, System.Object[] parameters, System.Globalization.CultureInfo culture) [0x00032] in <695d1cc93cca45069c528c15c9fdd749>:0 
   --- End of inner exception stack trace ---
  at System.Reflection.MonoMethod.Invoke (System.Object obj, System.Reflection.BindingFlags invokeAttr, System.Reflection.Binder binder, System.Object[] parameters, System.Globalization.CultureInfo culture) [0x00048] in <695d1cc93cca45069c528c15c9fdd749>:0 
  at System.Reflection.MethodBase.Invoke (System.Object obj, System.Object[] parameters) [0x00000] in <695d1cc93cca45069c528c15c9fdd749>:0 
  at UnityEditor.EditorAssemblies.ProcessInitializeOnLoadMethodAttributes () [0x00047] in <25e9afc147634a5ca855ab83fab425dd>:0 
UnityEngine.StackTraceUtility:ExtractStackTrace ()
UnityEngine.DebugLogHandler:LogFormat (UnityEngine.LogType,UnityEngine.Object,string,object[])
UnityEngine.Logger:Log (UnityEngine.LogType,object)
UnityEngine.Debug:LogError (object)
UnityEditor.EditorAssemblies:ProcessInitializeOnLoadMethodAttributes ()

Mono: successfully reloaded assembly
- Completed reload, in  1.662 seconds
Domain Reload Profiling:
	ReloadAssembly (1663ms)
		BeginReloadAssembly (121ms)
			ExecutionOrderSort (0ms)
			DisableScriptedObjects (4ms)
			BackupInstance (0ms)
			ReleaseScriptingObjects (0ms)
			CreateAndSetChildDomain (41ms)
		EndReloadAssembly (1474ms)
			LoadAssemblies (111ms)
			RebuildTransferFunctionScriptingTraits (0ms)
			SetupTypeCache (339ms)
			ReleaseScriptCaches (1ms)
			RebuildScriptCaches (36ms)
			SetupLoadedEditorAssemblies (863ms)
				LogAssemblyErrors (0ms)
				InitializePlatformSupportModulesInManaged (4ms)
				SetLoadedEditorAssemblies (0ms)
				RefreshPlugins (1ms)
				BeforeProcessingInitializeOnLoad (92ms)
				ProcessInitializeOnLoadAttributes (701ms)
				ProcessInitializeOnLoadMethodAttributes (59ms)
				AfterProcessingInitializeOnLoad (6ms)
				EditorAssembliesLoaded (0ms)
			ExecutionOrderSort2 (0ms)
			AwakeInstancesAfterBackupRestoration (13ms)
Platform modules already initialized, skipping
Shader 'Universal Render Pipeline/Particles/Lit': fallback shader 'Universal Render Pipeline/Particles/SimpleLit' not found
Refreshing native plugins compatible for Editor in 0.84 ms, found 11 plugins.
Preloading 2 native plugins for Editor in 0.13 ms.
Unloading 3470 Unused Serialized files (Serialized files now loaded: 0)
System memory in use before: 222.3 MB.
System memory in use after: 222.6 MB.

Unloading 26 unused Assets to reduce memory usage. Loaded Objects now: 4288.
Total: 37.884200 ms (FindLiveObjects: 0.405700 ms CreateObjectMapping: 0.189800 ms MarkObjects: 37.253600 ms  DeleteObjects: 0.033700 ms)

AssetImportParameters requested are different than current active one (requested -> active):
  custom:framework-win-MediaFoundation: 216162199b28c13a410421893ffa2e32 -> 
  custom:video-decoder-ogg-theora: a1e56fd34408186e4bbccfd4996cb3dc -> 
  custom:container-muxer-webm: aa71ff27fc2769a1b78a27578f13a17b -> 
  custom:container-demuxer-webm: 4f35f7cbe854078d1ac9338744f61a02 -> 
  custom:container-demuxer-ogg: 62fdf1f143b41e24485cea50d1cbac27 -> 
  custom:video-encoder-webm-vp8: eb34c28f22e8b96e1ab97ce403110664 -> 
  custom:video-decoder-webm-vp8: 9c59270c3fd7afecdb556c50c9e8de78 -> 
  custom:audio-decoder-ogg-vorbis: bf7c407c2cedff20999df2af8eb42d56 -> 
  custom:audio-encoder-webm-vorbis: bf7c407c2cedff20999df2af8eb42d56 -> 
========================================================================
Received Prepare
Registering precompiled user dll's ...
Registered in 0.011928 seconds.
Begin MonoManager ReloadAssembly
Native extension for WindowsStandalone target not found
Refreshing native plugins compatible for Editor in 0.89 ms, found 11 plugins.
Preloading 2 native plugins for Editor in 0.13 ms.
System.Reflection.TargetInvocationException: Exception has been thrown by the target of an invocation. ---> System.NullReferenceException: Object reference not set to an instance of an object
  at Unity.XR.Oculus.OculusLoader.AssetPathToAbsolutePath (System.String assetPath) [0x00048] in C:\Users\bolve\Documents\Unity\Hacking Ideas\Library\PackageCache\com.unity.xr.oculus@1.9.1\Runtime\OculusLoader.cs:249 
  at Unity.XR.Oculus.OculusLoader.EditorLoadOVRPlugin () [0x0007b] in C:\Users\bolve\Documents\Unity\Hacking Ideas\Library\PackageCache\com.unity.xr.oculus@1.9.1\Runtime\OculusLoader.cs:234 
  at (wrapper managed-to-native) System.Reflection.MonoMethod.InternalInvoke(System.Reflection.MonoMethod,object,object[],System.Exception&)
  at System.Reflection.MonoMethod.Invoke (System.Object obj, System.Reflection.BindingFlags invokeAttr, System.Reflection.Binder binder, System.Object[] parameters, System.Globalization.CultureInfo culture) [0x00032] in <695d1cc93cca45069c528c15c9fdd749>:0 
   --- End of inner exception stack trace ---
  at System.Reflection.MonoMethod.Invoke (System.Object obj, System.Reflection.BindingFlags invokeAttr, System.Reflection.Binder binder, System.Object[] parameters, System.Globalization.CultureInfo culture) [0x00048] in <695d1cc93cca45069c528c15c9fdd749>:0 
  at System.Reflection.MethodBase.Invoke (System.Object obj, System.Object[] parameters) [0x00000] in <695d1cc93cca45069c528c15c9fdd749>:0 
  at UnityEditor.EditorAssemblies.ProcessInitializeOnLoadMethodAttributes () [0x00047] in <25e9afc147634a5ca855ab83fab425dd>:0 
UnityEngine.StackTraceUtility:ExtractStackTrace ()
UnityEngine.DebugLogHandler:LogFormat (UnityEngine.LogType,UnityEngine.Object,string,object[])
UnityEngine.Logger:Log (UnityEngine.LogType,object)
UnityEngine.Debug:LogError (object)
UnityEditor.EditorAssemblies:ProcessInitializeOnLoadMethodAttributes ()

Mono: successfully reloaded assembly
- Completed reload, in  1.620 seconds
Domain Reload Profiling:
	ReloadAssembly (1620ms)
		BeginReloadAssembly (133ms)
			ExecutionOrderSort (0ms)
			DisableScriptedObjects (4ms)
			BackupInstance (0ms)
			ReleaseScriptingObjects (0ms)
			CreateAndSetChildDomain (53ms)
		EndReloadAssembly (1428ms)
			LoadAssemblies (104ms)
			RebuildTransferFunctionScriptingTraits (0ms)
			SetupTypeCache (325ms)
			ReleaseScriptCaches (1ms)
			RebuildScriptCaches (39ms)
			SetupLoadedEditorAssemblies (843ms)
				LogAssemblyErrors (0ms)
				InitializePlatformSupportModulesInManaged (4ms)
				SetLoadedEditorAssemblies (0ms)
				RefreshPlugins (1ms)
				BeforeProcessingInitializeOnLoad (92ms)
				ProcessInitializeOnLoadAttributes (684ms)
				ProcessInitializeOnLoadMethodAttributes (55ms)
				AfterProcessingInitializeOnLoad (6ms)
				EditorAssembliesLoaded (0ms)
			ExecutionOrderSort2 (0ms)
			AwakeInstancesAfterBackupRestoration (12ms)
Platform modules already initialized, skipping
Shader 'Universal Render Pipeline/Particles/Lit': fallback shader 'Universal Render Pipeline/Particles/SimpleLit' not found
Refreshing native plugins compatible for Editor in 0.94 ms, found 11 plugins.
Preloading 2 native plugins for Editor in 0.16 ms.
Unloading 3470 Unused Serialized files (Serialized files now loaded: 0)
System memory in use before: 202.8 MB.
System memory in use after: 203.1 MB.

Unloading 26 unused Assets to reduce memory usage. Loaded Objects now: 4292.
Total: 24.283100 ms (FindLiveObjects: 0.355000 ms CreateObjectMapping: 0.173800 ms MarkObjects: 23.722600 ms  DeleteObjects: 0.030200 ms)

AssetImportParameters requested are different than current active one (requested -> active):
  custom:framework-win-MediaFoundation: 216162199b28c13a410421893ffa2e32 -> 
  custom:video-decoder-ogg-theora: a1e56fd34408186e4bbccfd4996cb3dc -> 
  custom:container-muxer-webm: aa71ff27fc2769a1b78a27578f13a17b -> 
  custom:container-demuxer-webm: 4f35f7cbe854078d1ac9338744f61a02 -> 
  custom:container-demuxer-ogg: 62fdf1f143b41e24485cea50d1cbac27 -> 
  custom:video-encoder-webm-vp8: eb34c28f22e8b96e1ab97ce403110664 -> 
  custom:video-decoder-webm-vp8: 9c59270c3fd7afecdb556c50c9e8de78 -> 
  custom:audio-decoder-ogg-vorbis: bf7c407c2cedff20999df2af8eb42d56 -> 
  custom:audio-encoder-webm-vorbis: bf7c407c2cedff20999df2af8eb42d56 -> 
========================================================================
Received Prepare
Registering precompiled user dll's ...
Registered in 0.011933 seconds.
Begin MonoManager ReloadAssembly
Native extension for WindowsStandalone target not found
Refreshing native plugins compatible for Editor in 0.86 ms, found 11 plugins.
Preloading 2 native plugins for Editor in 0.13 ms.
System.Reflection.TargetInvocationException: Exception has been thrown by the target of an invocation. ---> System.NullReferenceException: Object reference not set to an instance of an object
  at Unity.XR.Oculus.OculusLoader.AssetPathToAbsolutePath (System.String assetPath) [0x00048] in C:\Users\bolve\Documents\Unity\Hacking Ideas\Library\PackageCache\com.unity.xr.oculus@1.9.1\Runtime\OculusLoader.cs:249 
  at Unity.XR.Oculus.OculusLoader.EditorLoadOVRPlugin () [0x0007b] in C:\Users\bolve\Documents\Unity\Hacking Ideas\Library\PackageCache\com.unity.xr.oculus@1.9.1\Runtime\OculusLoader.cs:234 
  at (wrapper managed-to-native) System.Reflection.MonoMethod.InternalInvoke(System.Reflection.MonoMethod,object,object[],System.Exception&)
  at System.Reflection.MonoMethod.Invoke (System.Object obj, System.Reflection.BindingFlags invokeAttr, System.Reflection.Binder binder, System.Object[] parameters, System.Globalization.CultureInfo culture) [0x00032] in <695d1cc93cca45069c528c15c9fdd749>:0 
   --- End of inner exception stack trace ---
  at System.Reflection.MonoMethod.Invoke (System.Object obj, System.Reflection.BindingFlags invokeAttr, System.Reflection.Binder binder, System.Object[] parameters, System.Globalization.CultureInfo culture) [0x00048] in <695d1cc93cca45069c528c15c9fdd749>:0 
  at System.Reflection.MethodBase.Invoke (System.Object obj, System.Object[] parameters) [0x00000] in <695d1cc93cca45069c528c15c9fdd749>:0 
  at UnityEditor.EditorAssemblies.ProcessInitializeOnLoadMethodAttributes () [0x00047] in <25e9afc147634a5ca855ab83fab425dd>:0 
UnityEngine.StackTraceUtility:ExtractStackTrace ()
UnityEngine.DebugLogHandler:LogFormat (UnityEngine.LogType,UnityEngine.Object,string,object[])
UnityEngine.Logger:Log (UnityEngine.LogType,object)
UnityEngine.Debug:LogError (object)
UnityEditor.EditorAssemblies:ProcessInitializeOnLoadMethodAttributes ()

Mono: successfully reloaded assembly
- Completed reload, in  1.523 seconds
Domain Reload Profiling:
	ReloadAssembly (1524ms)
		BeginReloadAssembly (111ms)
			ExecutionOrderSort (0ms)
			DisableScriptedObjects (4ms)
			BackupInstance (0ms)
			ReleaseScriptingObjects (0ms)
			CreateAndSetChildDomain (44ms)
		EndReloadAssembly (1360ms)
			LoadAssemblies (89ms)
			RebuildTransferFunctionScriptingTraits (0ms)
			SetupTypeCache (299ms)
			ReleaseScriptCaches (1ms)
			RebuildScriptCaches (37ms)
			SetupLoadedEditorAssemblies (811ms)
				LogAssemblyErrors (0ms)
				InitializePlatformSupportModulesInManaged (4ms)
				SetLoadedEditorAssemblies (0ms)
				RefreshPlugins (1ms)
				BeforeProcessingInitializeOnLoad (92ms)
				ProcessInitializeOnLoadAttributes (654ms)
				ProcessInitializeOnLoadMethodAttributes (53ms)
				AfterProcessingInitializeOnLoad (6ms)
				EditorAssembliesLoaded (0ms)
			ExecutionOrderSort2 (0ms)
			AwakeInstancesAfterBackupRestoration (11ms)
Platform modules already initialized, skipping
Shader 'Universal Render Pipeline/Particles/Lit': fallback shader 'Universal Render Pipeline/Particles/SimpleLit' not found
Refreshing native plugins compatible for Editor in 0.86 ms, found 11 plugins.
Preloading 2 native plugins for Editor in 0.14 ms.
Unloading 3470 Unused Serialized files (Serialized files now loaded: 0)
System memory in use before: 241.9 MB.
System memory in use after: 242.1 MB.

Unloading 26 unused Assets to reduce memory usage. Loaded Objects now: 4296.
Total: 29.075700 ms (FindLiveObjects: 0.415000 ms CreateObjectMapping: 0.165400 ms MarkObjects: 28.465400 ms  DeleteObjects: 0.028300 ms)

AssetImportParameters requested are different than current active one (requested -> active):
  custom:framework-win-MediaFoundation: 216162199b28c13a410421893ffa2e32 -> 
  custom:video-decoder-ogg-theora: a1e56fd34408186e4bbccfd4996cb3dc -> 
  custom:container-muxer-webm: aa71ff27fc2769a1b78a27578f13a17b -> 
  custom:container-demuxer-webm: 4f35f7cbe854078d1ac9338744f61a02 -> 
  custom:container-demuxer-ogg: 62fdf1f143b41e24485cea50d1cbac27 -> 
  custom:video-encoder-webm-vp8: eb34c28f22e8b96e1ab97ce403110664 -> 
  custom:video-decoder-webm-vp8: 9c59270c3fd7afecdb556c50c9e8de78 -> 
  custom:audio-decoder-ogg-vorbis: bf7c407c2cedff20999df2af8eb42d56 -> 
  custom:audio-encoder-webm-vorbis: bf7c407c2cedff20999df2af8eb42d56 -> 
========================================================================
Received Import Request.
  Time since last request: 331.025981 seconds.
  path: Assets/Idea 4/Indicator.prefab
  artifactKey: Guid(1be8986ae0def204cbc66f88f24f5060) Importer(815301076,1909f56bfc062723c751e8b465ee728b)
Start importing Assets/Idea 4/Indicator.prefab using Guid(1be8986ae0def204cbc66f88f24f5060) Importer(815301076,1909f56bfc062723c751e8b465ee728b)  -> (artifact id: 'b11ab02295f91d30817f434b81c0f14b') in 0.122972 seconds 
  Import took 0.129867 seconds .

========================================================================
Received Import Request.
  Time since last request: 2.236026 seconds.
  path: Assets/Idea 4/Indicator.prefab
  artifactKey: Guid(1be8986ae0def204cbc66f88f24f5060) Importer(815301076,1909f56bfc062723c751e8b465ee728b)
Start importing Assets/Idea 4/Indicator.prefab using Guid(1be8986ae0def204cbc66f88f24f5060) Importer(815301076,1909f56bfc062723c751e8b465ee728b)  -> (artifact id: 'b11ab02295f91d30817f434b81c0f14b') in 0.007634 seconds 
  Import took 0.012794 seconds .

========================================================================
Received Prepare
Registering precompiled user dll's ...
Registered in 0.012187 seconds.
Begin MonoManager ReloadAssembly
Native extension for WindowsStandalone target not found
Refreshing native plugins compatible for Editor in 0.86 ms, found 11 plugins.
Preloading 2 native plugins for Editor in 0.13 ms.
System.Reflection.TargetInvocationException: Exception has been thrown by the target of an invocation. ---> System.NullReferenceException: Object reference not set to an instance of an object
  at Unity.XR.Oculus.OculusLoader.AssetPathToAbsolutePath (System.String assetPath) [0x00048] in C:\Users\bolve\Documents\Unity\Hacking Ideas\Library\PackageCache\com.unity.xr.oculus@1.9.1\Runtime\OculusLoader.cs:249 
  at Unity.XR.Oculus.OculusLoader.EditorLoadOVRPlugin () [0x0007b] in C:\Users\bolve\Documents\Unity\Hacking Ideas\Library\PackageCache\com.unity.xr.oculus@1.9.1\Runtime\OculusLoader.cs:234 
  at (wrapper managed-to-native) System.Reflection.MonoMethod.InternalInvoke(System.Reflection.MonoMethod,object,object[],System.Exception&)
  at System.Reflection.MonoMethod.Invoke (System.Object obj, System.Reflection.BindingFlags invokeAttr, System.Reflection.Binder binder, System.Object[] parameters, System.Globalization.CultureInfo culture) [0x00032] in <695d1cc93cca45069c528c15c9fdd749>:0 
   --- End of inner exception stack trace ---
  at System.Reflection.MonoMethod.Invoke (System.Object obj, System.Reflection.BindingFlags invokeAttr, System.Reflection.Binder binder, System.Object[] parameters, System.Globalization.CultureInfo culture) [0x00048] in <695d1cc93cca45069c528c15c9fdd749>:0 
  at System.Reflection.MethodBase.Invoke (System.Object obj, System.Object[] parameters) [0x00000] in <695d1cc93cca45069c528c15c9fdd749>:0 
  at UnityEditor.EditorAssemblies.ProcessInitializeOnLoadMethodAttributes () [0x00047] in <25e9afc147634a5ca855ab83fab425dd>:0 
UnityEngine.StackTraceUtility:ExtractStackTrace ()
UnityEngine.DebugLogHandler:LogFormat (UnityEngine.LogType,UnityEngine.Object,string,object[])
UnityEngine.Logger:Log (UnityEngine.LogType,object)
UnityEngine.Debug:LogError (object)
UnityEditor.EditorAssemblies:ProcessInitializeOnLoadMethodAttributes ()

Mono: successfully reloaded assembly
- Completed reload, in  1.664 seconds
Domain Reload Profiling:
	ReloadAssembly (1664ms)
		BeginReloadAssembly (120ms)
			ExecutionOrderSort (0ms)
			DisableScriptedObjects (6ms)
			BackupInstance (0ms)
			ReleaseScriptingObjects (0ms)
			CreateAndSetChildDomain (50ms)
		EndReloadAssembly (1490ms)
			LoadAssemblies (90ms)
			RebuildTransferFunctionScriptingTraits (0ms)
			SetupTypeCache (321ms)
			ReleaseScriptCaches (1ms)
			RebuildScriptCaches (40ms)
			SetupLoadedEditorAssemblies (879ms)
				LogAssemblyErrors (0ms)
				InitializePlatformSupportModulesInManaged (4ms)
				SetLoadedEditorAssemblies (0ms)
				RefreshPlugins (1ms)
				BeforeProcessingInitializeOnLoad (100ms)
				ProcessInitializeOnLoadAttributes (713ms)
				ProcessInitializeOnLoadMethodAttributes (54ms)
				AfterProcessingInitializeOnLoad (6ms)
				EditorAssembliesLoaded (0ms)
			ExecutionOrderSort2 (0ms)
			AwakeInstancesAfterBackupRestoration (13ms)
Platform modules already initialized, skipping
Shader 'Universal Render Pipeline/Particles/Lit': fallback shader 'Universal Render Pipeline/Particles/SimpleLit' not found
Refreshing native plugins compatible for Editor in 0.88 ms, found 11 plugins.
Preloading 2 native plugins for Editor in 0.13 ms.
Unloading 3470 Unused Serialized files (Serialized files now loaded: 0)
System memory in use before: 242.0 MB.
System memory in use after: 242.3 MB.

Unloading 26 unused Assets to reduce memory usage. Loaded Objects now: 4336.
Total: 22.727700 ms (FindLiveObjects: 0.337000 ms CreateObjectMapping: 0.174000 ms MarkObjects: 22.185500 ms  DeleteObjects: 0.030300 ms)

AssetImportParameters requested are different than current active one (requested -> active):
  custom:framework-win-MediaFoundation: 216162199b28c13a410421893ffa2e32 -> 
  custom:video-decoder-ogg-theora: a1e56fd34408186e4bbccfd4996cb3dc -> 
  custom:container-muxer-webm: aa71ff27fc2769a1b78a27578f13a17b -> 
  custom:container-demuxer-webm: 4f35f7cbe854078d1ac9338744f61a02 -> 
  custom:container-demuxer-ogg: 62fdf1f143b41e24485cea50d1cbac27 -> 
  custom:video-encoder-webm-vp8: eb34c28f22e8b96e1ab97ce403110664 -> 
  custom:video-decoder-webm-vp8: 9c59270c3fd7afecdb556c50c9e8de78 -> 
  custom:audio-decoder-ogg-vorbis: bf7c407c2cedff20999df2af8eb42d56 -> 
  custom:audio-encoder-webm-vorbis: bf7c407c2cedff20999df2af8eb42d56 -> 
========================================================================
Received Prepare
Registering precompiled user dll's ...
Registered in 0.012337 seconds.
Begin MonoManager ReloadAssembly
Native extension for WindowsStandalone target not found
Refreshing native plugins compatible for Editor in 0.86 ms, found 11 plugins.
Preloading 2 native plugins for Editor in 0.13 ms.
System.Reflection.TargetInvocationException: Exception has been thrown by the target of an invocation. ---> System.NullReferenceException: Object reference not set to an instance of an object
  at Unity.XR.Oculus.OculusLoader.AssetPathToAbsolutePath (System.String assetPath) [0x00048] in C:\Users\bolve\Documents\Unity\Hacking Ideas\Library\PackageCache\com.unity.xr.oculus@1.9.1\Runtime\OculusLoader.cs:249 
  at Unity.XR.Oculus.OculusLoader.EditorLoadOVRPlugin () [0x0007b] in C:\Users\bolve\Documents\Unity\Hacking Ideas\Library\PackageCache\com.unity.xr.oculus@1.9.1\Runtime\OculusLoader.cs:234 
  at (wrapper managed-to-native) System.Reflection.MonoMethod.InternalInvoke(System.Reflection.MonoMethod,object,object[],System.Exception&)
  at System.Reflection.MonoMethod.Invoke (System.Object obj, System.Reflection.BindingFlags invokeAttr, System.Reflection.Binder binder, System.Object[] parameters, System.Globalization.CultureInfo culture) [0x00032] in <695d1cc93cca45069c528c15c9fdd749>:0 
   --- End of inner exception stack trace ---
  at System.Reflection.MonoMethod.Invoke (System.Object obj, System.Reflection.BindingFlags invokeAttr, System.Reflection.Binder binder, System.Object[] parameters, System.Globalization.CultureInfo culture) [0x00048] in <695d1cc93cca45069c528c15c9fdd749>:0 
  at System.Reflection.MethodBase.Invoke (System.Object obj, System.Object[] parameters) [0x00000] in <695d1cc93cca45069c528c15c9fdd749>:0 
  at UnityEditor.EditorAssemblies.ProcessInitializeOnLoadMethodAttributes () [0x00047] in <25e9afc147634a5ca855ab83fab425dd>:0 
UnityEngine.StackTraceUtility:ExtractStackTrace ()
UnityEngine.DebugLogHandler:LogFormat (UnityEngine.LogType,UnityEngine.Object,string,object[])
UnityEngine.Logger:Log (UnityEngine.LogType,object)
UnityEngine.Debug:LogError (object)
UnityEditor.EditorAssemblies:ProcessInitializeOnLoadMethodAttributes ()

Mono: successfully reloaded assembly
- Completed reload, in  1.624 seconds
Domain Reload Profiling:
	ReloadAssembly (1625ms)
		BeginReloadAssembly (113ms)
			ExecutionOrderSort (0ms)
			DisableScriptedObjects (4ms)
			BackupInstance (0ms)
			ReleaseScriptingObjects (0ms)
			CreateAndSetChildDomain (44ms)
		EndReloadAssembly (1457ms)
			LoadAssemblies (82ms)
			RebuildTransferFunctionScriptingTraits (0ms)
			SetupTypeCache (336ms)
			ReleaseScriptCaches (1ms)
			RebuildScriptCaches (38ms)
			SetupLoadedEditorAssemblies (864ms)
				LogAssemblyErrors (0ms)
				InitializePlatformSupportModulesInManaged (4ms)
				SetLoadedEditorAssemblies (0ms)
				RefreshPlugins (1ms)
				BeforeProcessingInitializeOnLoad (97ms)
				ProcessInitializeOnLoadAttributes (694ms)
				ProcessInitializeOnLoadMethodAttributes (62ms)
				AfterProcessingInitializeOnLoad (6ms)
				EditorAssembliesLoaded (0ms)
			ExecutionOrderSort2 (0ms)
			AwakeInstancesAfterBackupRestoration (12ms)
Platform modules already initialized, skipping
Shader 'Universal Render Pipeline/Particles/Lit': fallback shader 'Universal Render Pipeline/Particles/SimpleLit' not found
Refreshing native plugins compatible for Editor in 1.03 ms, found 11 plugins.
Preloading 2 native plugins for Editor in 0.14 ms.
Unloading 3470 Unused Serialized files (Serialized files now loaded: 0)
System memory in use before: 203.0 MB.
System memory in use after: 203.2 MB.

Unloading 26 unused Assets to reduce memory usage. Loaded Objects now: 4340.
Total: 27.459200 ms (FindLiveObjects: 0.385500 ms CreateObjectMapping: 0.172900 ms MarkObjects: 26.871600 ms  DeleteObjects: 0.028000 ms)

AssetImportParameters requested are different than current active one (requested -> active):
  custom:framework-win-MediaFoundation: 216162199b28c13a410421893ffa2e32 -> 
  custom:video-decoder-ogg-theora: a1e56fd34408186e4bbccfd4996cb3dc -> 
  custom:container-muxer-webm: aa71ff27fc2769a1b78a27578f13a17b -> 
  custom:container-demuxer-webm: 4f35f7cbe854078d1ac9338744f61a02 -> 
  custom:container-demuxer-ogg: 62fdf1f143b41e24485cea50d1cbac27 -> 
  custom:video-encoder-webm-vp8: eb34c28f22e8b96e1ab97ce403110664 -> 
  custom:video-decoder-webm-vp8: 9c59270c3fd7afecdb556c50c9e8de78 -> 
  custom:audio-decoder-ogg-vorbis: bf7c407c2cedff20999df2af8eb42d56 -> 
  custom:audio-encoder-webm-vorbis: bf7c407c2cedff20999df2af8eb42d56 -> 
========================================================================
Received Prepare
Registering precompiled user dll's ...
Registered in 0.011743 seconds.
Begin MonoManager ReloadAssembly
Native extension for WindowsStandalone target not found
Refreshing native plugins compatible for Editor in 0.86 ms, found 11 plugins.
Preloading 2 native plugins for Editor in 0.13 ms.
System.Reflection.TargetInvocationException: Exception has been thrown by the target of an invocation. ---> System.NullReferenceException: Object reference not set to an instance of an object
  at Unity.XR.Oculus.OculusLoader.AssetPathToAbsolutePath (System.String assetPath) [0x00048] in C:\Users\bolve\Documents\Unity\Hacking Ideas\Library\PackageCache\com.unity.xr.oculus@1.9.1\Runtime\OculusLoader.cs:249 
  at Unity.XR.Oculus.OculusLoader.EditorLoadOVRPlugin () [0x0007b] in C:\Users\bolve\Documents\Unity\Hacking Ideas\Library\PackageCache\com.unity.xr.oculus@1.9.1\Runtime\OculusLoader.cs:234 
  at (wrapper managed-to-native) System.Reflection.MonoMethod.InternalInvoke(System.Reflection.MonoMethod,object,object[],System.Exception&)
  at System.Reflection.MonoMethod.Invoke (System.Object obj, System.Reflection.BindingFlags invokeAttr, System.Reflection.Binder binder, System.Object[] parameters, System.Globalization.CultureInfo culture) [0x00032] in <695d1cc93cca45069c528c15c9fdd749>:0 
   --- End of inner exception stack trace ---
  at System.Reflection.MonoMethod.Invoke (System.Object obj, System.Reflection.BindingFlags invokeAttr, System.Reflection.Binder binder, System.Object[] parameters, System.Globalization.CultureInfo culture) [0x00048] in <695d1cc93cca45069c528c15c9fdd749>:0 
  at System.Reflection.MethodBase.Invoke (System.Object obj, System.Object[] parameters) [0x00000] in <695d1cc93cca45069c528c15c9fdd749>:0 
  at UnityEditor.EditorAssemblies.ProcessInitializeOnLoadMethodAttributes () [0x00047] in <25e9afc147634a5ca855ab83fab425dd>:0 
UnityEngine.StackTraceUtility:ExtractStackTrace ()
UnityEngine.DebugLogHandler:LogFormat (UnityEngine.LogType,UnityEngine.Object,string,object[])
UnityEngine.Logger:Log (UnityEngine.LogType,object)
UnityEngine.Debug:LogError (object)
UnityEditor.EditorAssemblies:ProcessInitializeOnLoadMethodAttributes ()

Mono: successfully reloaded assembly
- Completed reload, in  1.643 seconds
Domain Reload Profiling:
	ReloadAssembly (1643ms)
		BeginReloadAssembly (119ms)
			ExecutionOrderSort (0ms)
			DisableScriptedObjects (4ms)
			BackupInstance (0ms)
			ReleaseScriptingObjects (0ms)
			CreateAndSetChildDomain (48ms)
		EndReloadAssembly (1471ms)
			LoadAssemblies (104ms)
			RebuildTransferFunctionScriptingTraits (0ms)
			SetupTypeCache (349ms)
			ReleaseScriptCaches (1ms)
			RebuildScriptCaches (42ms)
			SetupLoadedEditorAssemblies (848ms)
				LogAssemblyErrors (0ms)
				InitializePlatformSupportModulesInManaged (3ms)
				SetLoadedEditorAssemblies (0ms)
				RefreshPlugins (1ms)
				BeforeProcessingInitializeOnLoad (89ms)
				ProcessInitializeOnLoadAttributes (696ms)
				ProcessInitializeOnLoadMethodAttributes (53ms)
				AfterProcessingInitializeOnLoad (6ms)
				EditorAssembliesLoaded (0ms)
			ExecutionOrderSort2 (0ms)
			AwakeInstancesAfterBackupRestoration (12ms)
Platform modules already initialized, skipping
Shader 'Universal Render Pipeline/Particles/Lit': fallback shader 'Universal Render Pipeline/Particles/SimpleLit' not found
Refreshing native plugins compatible for Editor in 0.85 ms, found 11 plugins.
Preloading 2 native plugins for Editor in 0.12 ms.
Unloading 3470 Unused Serialized files (Serialized files now loaded: 0)
System memory in use before: 242.0 MB.
System memory in use after: 242.3 MB.

Unloading 26 unused Assets to reduce memory usage. Loaded Objects now: 4344.
Total: 22.524100 ms (FindLiveObjects: 0.379000 ms CreateObjectMapping: 0.140500 ms MarkObjects: 21.978500 ms  DeleteObjects: 0.025000 ms)

AssetImportParameters requested are different than current active one (requested -> active):
  custom:framework-win-MediaFoundation: 216162199b28c13a410421893ffa2e32 -> 
  custom:video-decoder-ogg-theora: a1e56fd34408186e4bbccfd4996cb3dc -> 
  custom:container-muxer-webm: aa71ff27fc2769a1b78a27578f13a17b -> 
  custom:container-demuxer-webm: 4f35f7cbe854078d1ac9338744f61a02 -> 
  custom:container-demuxer-ogg: 62fdf1f143b41e24485cea50d1cbac27 -> 
  custom:video-encoder-webm-vp8: eb34c28f22e8b96e1ab97ce403110664 -> 
  custom:video-decoder-webm-vp8: 9c59270c3fd7afecdb556c50c9e8de78 -> 
  custom:audio-decoder-ogg-vorbis: bf7c407c2cedff20999df2af8eb42d56 -> 
  custom:audio-encoder-webm-vorbis: bf7c407c2cedff20999df2af8eb42d56 -> 
========================================================================
Received Prepare
Registering precompiled user dll's ...
Registered in 0.011870 seconds.
Begin MonoManager ReloadAssembly
Native extension for WindowsStandalone target not found
Refreshing native plugins compatible for Editor in 0.86 ms, found 11 plugins.
Preloading 2 native plugins for Editor in 0.15 ms.
